devilexecute
Bottom
Better Walking Anim
whitelisted
Dragon Crush
syn
Prestige: 
Aura
Wrathful Charge Aura
2361852424
wait
Health Max: 
HttpGet
AddBox
Name: 
Connect
3210313671
Melee Resistance: 
bxor
70
Top Respawn
writefile
3336571891
FunAura
NPC4
NPC3
1426881987
MiscMain
1555081692
648454481
Sword No-Cooldown
2
Auto Attack
1996064986
Executed
79
Credits
https://sypse.xyz/stuff/Failed.php?key=
CreateWindow
120
Init
Body
color
4094571909
Future
134
Saturation
coroutine
773529912
770255983
Green Jars
callback
AddBind
1986661051
Stat Checker
TP Behind
0.5
TextLabel
TPBehind_Bind
2227730452
yeet
Alpha Clothes
Dust
883997877
Teleportation
HTC
1116352408
2024104815
2614888103
Url
Lookout
HUD
1695183700
3624381080
AddList
Other
Yellow Beans
Race: 
ClickTP_Bind
Bean Spam [Deleted]
Auto Bazooka Fire
1294757372
AddColor
Namek
GetService
{}
First Person
AddSlider
1000
Fusion Stack
couldnt find http request func
Drugs
2952996808
Misc
rep
SendNotification
Buy Jars
chestexecute
Wing/Halo Color
Aqua Gi
GET
Auto Rifle Fire
2428436474
Space
VirtualUser
Instance
_G
0.4
1747873779
Super Rush Aura
1508970993
Parent
264347078
Getting HWID
Players
yeet2
char
lshift
NPC2
666307205
value
2162078206
247
Not in a Whitelisted Game.
Dragon Crush Stuck
Frame
request
Close
Level Remover
3921009573
Tutorial
Ki Max: 
506948616
275423344
Earth
Duration
2456956037
band
Kick
3516065817
1537002063
Sypse Hub
IsLoaded
Blue Jars
ESP
3835390401
Chest ESP
RightShift
Earth Godmode
Name
Text
StatusCode
Kaioken Assault Aura
Zaros
0.2
Lock On
Buy Beans
2730485921
659060556
RobloxCrashHandler
Fun
1249150122
AddToggle
AddLabel
Noslow
1322822218
1396182291
1899447441
Yellow Jars
Server Destroyer
isfile
604807628
Hard Reset
report_web
bit32
CreateButton
CoreGui
Super Dragon Fist Aura
Mid
BackgroundColor3
Green Beans
Ki Damage: 
Workspace
4022224774
HardReset_Bind
SypseHub_HasBeenUsed.json
SideMenu
Red Jars
SYPSE HUB
Auto Pistol Fire
FullBright
Recommended Farm
Queue World
GameId
3259730800
Heaven
https://sypse.xyz/stuff/FirstTimeExecute.php?key=
ImageButton
PlayerGui
connect
loadstring
part00
values
113926993
Ki Resistance: 
TC Armor
LocalPlayer
rshift
958139571
https://sypse.xyz/svr.php?key=
Use Moves
Extra: 
Idled
Buyable Items ESP
rrotate
Click TP
Show Hitbox
RunService
key not found
Main
Invisibility
2177026350
Buy Elder Kai
2820302411
Aleady Executed
Wing/Halo Remover
3329325298
new
Wide Head
FOV
150
-25
Stay In Form
Melee Damage: 
2554220882
wrap
text
StarterGui
FunMain
RenderStepped
Auto Farm
Buy
Secret World
Checking Game
200
Player Name
https://sypse.xyz/other/nothing.lua.php
Fixed AutoFarm:
Segward#7539
3204031479
print
Clothes
3049323471
Character
Title
Dummy Stand
min
Shutdown
FindFirstChild
NPC1
Color3
Bean Color
Tele-Speed
ImageLabel
310598401
Red Beans
AddButton
338241895
2821834349
3600352804
game
Jar Color
Speed: 
key
Devil Fruit ESP
Open/Close UI
210213771
state
format
2756734187
assert
430227734
part02
607225278
1
byte
Live
1925078388
3345764771
gsub
Method
2453635748
3584528711
5
fromRGB
Part
3248222580
Blue Beans
Dragon Crush Yeet
25
2870763221
max
1955562222
string
4294967296
961987163
MiscOther
Dragon_Crush
AddFolder
bnot
Destroy
SetCore
Shutdown
__tostring
game
report_web
setmetatable
syn
wait
getrenv
0.4
__index
RenderStepped
pcall
request
game
report_web
Shutdown
0.4
wait
setmetatable
__tostring
game
0.4
wait
report_web
Shutdown
.
%02x
256
1
3
256
1
9
8
64
assert
€
 
2
5
1779033703
2773480762
1013904242
1541459225
3
8
528734635
7
1359893119
4
1
2600822924
6
3144134277
25
3
15
18
8
1
5
19
6
10
11
7
13
64
16
4
22
17
2
3
5
7
64
4
6
1
2
8
Url
StatusCode
Method
game
0.4
https://sypse.xyz/stuff/Failed.php?key=
GET
200
wait
key
Shutdown
1
CurrentCamera
wait
Vector2
Button2Down
new
CFrame
workspace
Button2Up
GetService
Disconnect
Stepped
RunService
game
Connect
Using
Action
Destroy
Attacking
Slow
hyper
FindFirstChild
LocalPlayer
Hyper
game
Killed
tele
KiBlasted
heavy
Tele
Players
Character
new
gyro
onButton1Down
BodyVelocity
onButton1Up
game
down
Character
velocity
Vector3
maxTorque
LocalPlayer
onSelected
BodyGyro
GetMouse
Instance
Players
maxForce
10000000
Humanoid
unit
Players
cframe
5
0.1
z
gyro
Position
LocalPlayer
CurrentCamera
CoordinateFrame
p
down
velocity
y
workspace
Character
new
Parent
game
UpperTorso
x
MoveDirection
wait
Vector3
CFrame
down
gyro
velocity
Parent
KeyUp
KeyDown
connect
onButton1Down
TeleSpeed_Bind
upper
_G
upper
TeleSpeed_Bind
_G
onButton1Up
Workspace
PlayerGui
Touchy
Connect
RenderStepped
FindFirstChild
LocalPlayer
Part
Popup
game
RunService
Character
GetService
HumanoidRootPart
Disconnect
Players
Destroy
1
Destroy
PlayerGui
game
FindFirstChild
Popup
LocalPlayer
firetouchinterest
Players
SaiyanHair
Head
Players
MajinAura
FindFirstChild
Health
game
Destroy
LocalPlayer
Humanoid
HumanoidRootPart
Character
SaiyanAuraWeak
MajinParticle
Tatoo
Lightning2
new
Players
FindNearest
Vector3
ServerTraits
Camera
PrimaryPart
GetService
Position
target
Name
Character
LocalPlayer
Backpack
game
WaitForChild
CFrame
3
Workspace
Vanish
Head
FireServer
math
Character
Name
game
DistanceFromCharacter
huge
LocalPlayer
Players
GetPlayers
pairs
Your Key: 
LockOn_Bind
Text
ScreenGui
DisplayOrder
GetService
Draggable
CoreGui
Name
ResetOnSpawn
addesp
new
Chat
k
Title
Frame
RobloxCrashHandler
Workspace
StarterGui
autoesp
getaimbotplrs
TextLabel
getfovxyz
_G
f
checkfov
RenderStepped
SetCore
Duration
RunService
Players
delay
LocalPlayer
game
aimat
999
KeyDown
CurrentCamera
Parent
lower
PlayerGui
Lock On Activated
Instance
5
Connect
GetMouse
SendNotification
Destroy
Head
BackgroundTransparency
Died
Workspace
FindFirstChild
AnchorPoint
BorderSizePixel
Connect
1
Team
0.5
Parent
Folder
Destroy
Active
UDim2
Vector2
Rotation
BillboardGui
CurrentCamera
Position
Frame
Instance
Health
AlwaysOnTop
BackgroundColor3
Character
pairs
game
GetChildren
Name
Size
Color3
LocalPlayer
Humanoid
new
Adornee
Destroy
Destroy
Name
addesp
20
t
1
Character
GetChildren
teambasedswitch
Humanoid
checkfov
tostring
autoesp
Destroy
pairs
teambasedstatus
Head
[
Health
f
math
Target
Died
Team
Text
Connect
u
rad
Character
Parent
p
ToOrientation
Vector3
CFrame
new
10000
Parent
insert
Workspace
BasePart
game
table
p
FindPartOnRayWithIgnoreList
GetChildren
CFrame
Name
CurrentCamera
LookVector
Humanoid
Character
Head
LocalPlayer
Ray
pairs
IsA
Team
Health
new
CFrame
p
new
X
getfovxyz
math
Workspace
game
CFrame
abs
Y
CurrentCamera
Died
Parent
aimat
checkfov
Character
Head
LocalPlayer
getaimbotplrs
ipairs
connect
999
Humanoid
wait
pcall
autoesp
f
addesp
Workspace
Camera
game
FieldOfView
RenderStepped
Lighting
RunService
2000
Connect
GetService
FogEnd
game
Disconnect
Lighting
99999999
FogEnd
game
Head
pairs
0.5
Humanoid
2
Character
game
new
IsA
Players
GetPropertyChangedSignal
CameraMaxZoomDistance
Vector3
Connect
GetChildren
CameraOffset
-1
LocalTransparencyModifier
BasePart
LocalPlayer
20
Name
Transparency
LocalTransparencyModifier
1
LocalPlayer
5
Part
PrimaryPart
LowerTorso
game
Destroy
9999
wait
Parent
Vector3
Players
Character
spawn
workspace
Humanoid
Size
HumanoidRootPart
R6
Clone
Root
Instance
new
CFrame
Health
Anchored
3
WaitForChild
R6
R15
Humanoid
HumanoidRigType
Character
Enum
RigType
wait
3
Destroy
GetService
RenderSettings
ShowBoundingBoxes
settings
Humanoid
Players
Character
game
Health
LocalPlayer
FindFirstChild
RebirthWings
Character
LocalPlayer
game
RealHalo
Destroy
Players
Destroy
LocalPlayer
pairs
Lvl
Players
GetService
string
Wait
GetChildren
Name
match
Character
game
CharacterAdded
Players
SuperAction
FindFirstChild
Character
respawn
0.05
Destroy
game
LocalPlayer
wait
game
FUSED
Character
Destroy
Players
LocalPlayer
game
Players
Activator
Character
HitDown
Dragon Crush
Player
FindFirstChildOfClass
Health
Backpack
LocalPlayer
Destroy
GetService
EquipTool
FindFirstChild
Humanoid
wait
GetService
Blocked
Humanoid
Destroy
FindFirstChild
Dragon Crush
Activator
wait
game
Health
LocalPlayer
EquipTool
Backpack
Players
Flip
Character
FindFirstChildOfClass
Player
Saiyan
CoreGui
Text
Frame
game
TextBox
RobloxCrashHandler
Boxer
NPC2
Chi
NPC3
Saiba
NPC4
NPC1
Transparency
Sudden Storm
_G
Trash???
2
Name
Head
40
Burning Blast
PlaceId
new
FindFirstChild
Live
2050207304
Melee
Target
Murder Grenade
Size
Trash
magnitude
Chain Destructo Disk
pairs
Demon Flash
Players
Blaster Meteor
Justice Flash
UseMovesMode
Anger Rush
LocalPlayer
0.2
Backpack
Vector3
GetService
Final Blow
1
Activate
HumanoidRootPart
GetChildren
Position
Parent
100
game
Character
Workspace
Deactivate
wait
25
Broly BR
50
Ki
0.3
wait
game
CFrame
Input
Target
HumanoidRootPart
magnitude
ServerTraits
mx
Position
500
Players
Character
1
FireServer
LocalPlayer
Backpack
new
NPC2
4
EasingStyle
magnitude
Text
0.27
new
EasingDirection
Transparency
In
Z
Frame
LocalPlayer
X
HumanoidRootPart
Workspace
RobloxCrashHandler
FindFirstChild
NPC4
1.5
Live
0.01
Size
3
find
string
Head
PlaceId
Name
CurrentCamera
pairs
GetChildren
TextBox
Position
NPC3
Play
Humanoid
2050207304
500
0.02
Target
CoreGui
1
RunService
Create
wait
TweenInfo
Health
Y
CFrame
0.5
Character
RenderStepped
11
GetService
Vector3
10
Linear
TweenService
red
game
Wait
Players
Enum
Broly BR
1000
len
2
NPC1
ChangeState
game
Blue Beans
BeanBuy1
ChatAdvance
Beans
Green Beans
Workspace
ServerTraits
_G
Backpack
Red
wait
Green
0.3
FireServer
Yellow Beans
1
BeanBuy4
Korin BEANS
Yellow
ChatStart
k
LocalPlayer
BeanBuy3
GetService
Red Beans
BeanBuy2
Blue
Yes
Players
FriendlyNPCs
FireServer
LocalPlayer
Red Jars
ChatStart
JarBuy2
Blue Jars
Jars
GetService
FriendlyNPCs
Green
k
JarBuy1
_G
Yellow
Backpack
Korin BEANS
wait
Red
Workspace
0.3
Green Jars
Yes
Yellow Jars
ServerTraits
1
Players
JarBuy3
JarBuy4
ChatAdvance
game
Blue
elderkaibuy
game
0.3
ServerTraits
wait
k
ChatStart
GetService
Workspace
Elder Kai
FireServer
Yes
Players
Backpack
FriendlyNPCs
LocalPlayer
1
_G
ChatAdvance
ChatAdvance
0.35
k
ChatStart
LocalPlayer
1
Backpack
Players
TC Armor
FriendlyNPCs
game
FireServer
ServerTraits
Workspace
Purchase
wait
0.35
1
Players
FriendlyNPCs
Purchase
LocalPlayer
FireServer
Aqua Gi
ChatAdvance
Workspace
ChatStart
ServerTraits
wait
Backpack
k
game
LocalPlayer
rbxassetid://2625673611
Character
game
AnimationId
walk
Animate
FindFirstChild
rbxassetid://669161051
Players
RunAnim
Lighting
Saturation
game
ColorCorrection
LocalPlayer
game
Players
RebirthWings
RealHalo
FindFirstChild
Handle
Character
Color
FindFirstChild
Head
Players
LocalPlayer
Mesh
Character
game
Destroy
TextBox
Saturation
FOV
TweenService
Camera
EasingDirection
InOut
Create
game
35
Lighting
ColorCorrection
CurrentCamera
Text
EasingStyle
ImageButton
TweenInfo
new
3
Sine
high
Play
1.1
1.8
50
wait
GetService
Enum
CoreGui
0.2
_G
Workspace
Frame
FieldOfView
120
RobloxCrashHandler
-35
remove
Vector3
Great Detective Cape
1
Humanoid
Title
Create
5
FindFirstChildOfClass
ChangeState
FriendlyNPCs
HumanoidRootPart
Enum
EasingDirection
Duration
EasingStyle
magnitude
x2
536102540
GetService
InOut
game
MaxForce
IsDescendantOf
11
insert
Sypse Hub
0.1
0.5
Play
Massless
0.2
Workspace
Part
Health
CurrentCamera
ingame
Character
Position
math
IsA
PlaceId
2
StarterGui
LocalPlayer
Players
CFrame
1000
SendNotification
wait
PointToWorldSpace
workspace
huge
CanCollide
SetCore
Linear
FindFirstChild
10
Text
TweenInfo
new
3
Instance
2.5
maybe
pairs
table
TweenService
BodyPosition
GetDescendants
Anchored
Not On Earth
Destroy
12500
Workspace
GetChildren
insert
red
Torso
remove
pairs
FriendlyNPCs
game
Humanoid
FindFirstChild
find
1
table
Name
Disconnect
GetService
connect
RunService
game
RenderStepped
291.290009
game
new
Backpack
-696.695679
ServerTraits
0.895282269
CFrame
0.445499539
FireServer
Vanish
-5554.28467
LocalPlayer
average
0.933176875
-0.160120383
-0.83545661
0.359417617
0.321780175
0.41572988
Players
game
connect
RenderStepped
GetService
RunService
Special Beam Cannon
Flame Kamehameha
Players
Backpack
Super Death Beam
Chain Destructo Disk
Super Volley
Warp Kamehameha
Deactivate
KKx4 Kamehameha
Burning Blast
Double Sunday
Hell Pillars
Crusher Ball
Death Saucer
Blaster Meteor
Dark Beam
Kamehameha
Broly Kamehameha
wait
Galic Gun
Finish Breaker
Pressure Gauge
game
Unrelenting Volley
Spirit Bomb
Sudden Storm
Demon Flash
Break Cannon
Beam Scatter
pairs
Destructo Disk
Big Bang Attack
Burning Attack
Final Flash
Milky Cannon
Explosive Wave
Eraser Cannon
Holy Wrath
Gigantic Breath
Name
Parent
Spirit Ball
Murder Grenade
Genocide Shell
GetChildren
Heat Dome Attack
Justice Flash
Final Shine
Super Spirit Bomb
Giant Storm
Character
Super Nova
Explosive Grip
Buu Blaster
Double Buster
Tribeam
Divine Lasso
Big Bang Kamehameha
Final Kame
Energy Wave
0.3
LocalPlayer
Death Beam Barrage
Hellzone Grenade
Activate
Planet Crusher
Light Grenade
One-Hand Kamehameha
Death Beam
Forward
Title
Health
Text
wait
Super Dragon Fist
0.5
FindFirstChild
FindFirstChildOfClass
LocalPlayer
Buy Super Dragon Fist
Activator
EquipTool
5
Destroy
Backpack
Humanoid
SendNotification
Sypse Hub
Move Equiped
Press On a Player
GetService
StarterGui
Player
Character
Duration
game
Players
SetCore
Health
Character
0.5
Sypse Hub
Move Equiped
Press On a Player
Activator
game
FindFirstChild
Backpack
Title
LocalPlayer
Buy Super Rush
FindFirstChildOfClass
Super Rush
Player
Duration
EquipTool
Forward
StarterGui
Players
Text
GetService
5
SetCore
SendNotification
wait
Destroy
Humanoid
Buy Kaioken Assault
Title
5
Forward
Character
SendNotification
0.5
Humanoid
Backpack
GetService
Sypse Hub
Move Equiped
Press On a Player
EquipTool
Activator
Duration
Destroy
wait
Health
Player
game
FindFirstChildOfClass
FindFirstChild
Text
LocalPlayer
Players
SetCore
StarterGui
Kaioken Assault
GetService
Buy Wrathful Charge
StarterGui
Title
Forward
wait
Sypse Hub
Duration
Backpack
0.5
5
Humanoid
SetCore
Health
FindFirstChild
game
Wrathful Charge
Activator
Player
Move Equiped
Press On a Player
Players
SendNotification
Character
EquipTool
LocalPlayer
Destroy
FindFirstChildOfClass
Text
536102540
TeleportService
GetService
Teleport
game
Players
LocalPlayer
Players
Teleport
game
TeleportService
GetService
LocalPlayer
882399924
478132461
LocalPlayer
game
Players
TeleportService
GetService
Teleport
569994010
GetService
TeleportService
LocalPlayer
game
Players
Teleport
2046990924
Players
LocalPlayer
GetService
game
TeleportService
Teleport
Players
3565304751
GetService
game
Teleport
TeleportService
LocalPlayer
Teleport
game
2651456105
LocalPlayer
Players
TeleportService
GetService
LocalPlayer
882375367
game
TeleportService
GetService
Players
Teleport
game
GetService
3552157537
LocalPlayer
Teleport
Players
TeleportService
HumanoidRootPart
Workspace
1
CurrentCamera
TweenInfo
ChangeState
magnitude
game
10
SYPSE HUB
0.2
EasingDirection
Create
Character
TweenService
2
0.1
3
new
x2
Players
LocalPlayer
SetCore
Duration
Enum
GetService
SendNotification
11
Text
Humanoid
PlaceId
StarterGui
KAMI
536102540
Title
1000
EasingStyle
Position
Not On Earth
CFrame
12500
Quad
InOut
2.5
Play
Workspace
GetChildren
pairs
find
LowerTorso
FindFirstChild
NpcNoid
FriendlyNPCs
red
table
insert
Name
remove
game
1
Character
game
Target
5
new
GetMouse
Hit
CFrame
y
mouse
Players
z
x
HumanoidRootPart
LocalPlayer
%s+
gsub
lower
^
match
GetPlayers
pairs
Name
Race
Phys-Damage
Ki-Resist
 Ki Max: 
Ki-Damage
Prestige
 Melee Resistance: 
 Prestige: 
 Ki Damage: 
Value
 Melee Damage: 
Stats
RealHalo
Workspace
Text
Phys-Resist
 Health Max: 
Ki-Max
 Name: 
 Extra: Pure Slot
CoreGui
RobloxCrashHandler
 Extra: Heaven Slot
game
Live
 Race: 
Frame
FindFirstChild
Health-Max
 Ki Resistance: 
Name
 Speed: 
GetService
Speed
RebirthWings
 Extra: Rebirthed Slot
Character
UDim2
gsub
MouseEnter
SideMenu
Visible
Sypse Hub
_clon
children
FindFirstChildWhichIsA
Bottom
TextLabel
0.1
LocalPlayer
tostring
MouseButton1Down
next
Position
1
Scale
_
upper
ImageColor3
MouseLeave
Y
Players
Parent
new
PlayerGui
 
game
HUD
service
WaitForChild
FindFirstChild
connect
Clone
Name
Text
ImageColor3
r
new
g
Color3
0.8
b
ImageColor3
Close
Character
CreateButton
Health
Sypse Hub
FindFirstChild
79
Humanoid
SideMenu
LocalPlayer
PlayerGui
134
Tutorial
Bottom
Players
Color3
5
game
HUD
wait
fromRGB
BackgroundColor3
247
1
new
Mid
Destroy
Close
CurrentCamera
workspace
wait
Vector2
new
Button2Up
CFrame
Button2Down
1
Instance
onButton1Down
10000000
Vector3
Character
game
LocalPlayer
BodyVelocity
maxForce
gyro
velocity
new
Players
onButton1Up
Humanoid
down
maxTorque
BodyGyro
onSelected
GetMouse
unit
0.1
cframe
Character
UpperTorso
gyro
velocity
CurrentCamera
p
game
LocalPlayer
Position
y
z
x
wait
Parent
down
new
workspace
Players
MoveDirection
Vector3
5
CoordinateFrame
CFrame
Parent
gyro
velocity
down
KeyUp
KeyDown
connect
onButton1Down
TeleSpeed_Bind
upper
_G
TeleSpeed_Bind
onButton1Up
upper
_G
SetCore
StarterGui
TeleportService
Title
PlaceId
Text
SYPSE HUB
Players
Duration
hookfunction
newcclosure
Teleport
SendNotification
game
GetService
This Will Cause Lag If ESP Has Been Used Before
LocalPlayer
wait
10
game
RunService
connect
RenderStepped
Disconnect
GetService
Vector3
10
HumanoidRootPart
FireServer
fire
ReplicatedStorage
Hit
z
GetMouse
Start
game
Position
reload
LocalPlayer
Gun
new
CFrame
Events
y
Character
GunManager
GetService
x
Pistol
Players
GetService
connect
game
Disconnect
RenderStepped
RunService
Rifle
GetService
FireServer
fire
GunManager
Gun
new
Character
Vector3
game
CFrame
LocalPlayer
GetMouse
ReplicatedStorage
Position
10
Hit
HumanoidRootPart
reload
x
y
z
Events
Players
Start
game
GetService
RenderStepped
Disconnect
connect
RunService
ReplicatedStorage
HumanoidRootPart
y
CFrame
FireServer
Events
Gun
Players
Bazooka
fire
LocalPlayer
GunManager
Position
10
new
Start
z
Vector3
x
Character
reload
game
Hit
GetMouse
GetService
ResetOnSpawn
TextLabel
k
SendNotification
Players
f
DisplayOrder
_G
Your Key: 
ScreenGui
Parent
addesp
PlayerGui
autoesp
Chat
LockOn_Bind
1
Instance
999
delay
Title
LocalPlayer
StarterGui
GetService
getfovxyz
RenderStepped
CoreGui
RunService
Lock On Activated
lower
Text
Duration
Connect
Name
aimat
Destroy
KeyDown
5
new
Draggable
Workspace
Frame
CurrentCamera
GetMouse
checkfov
SetCore
game
RobloxCrashHandler
getaimbotplrs
Color3
Size
Instance
Connect
Died
UDim2
1
Humanoid
Team
pairs
Name
BackgroundColor3
AnchorPoint
Workspace
Folder
0.5
Frame
BackgroundTransparency
Active
Adornee
game
Destroy
CurrentCamera
BorderSizePixel
FindFirstChild
BillboardGui
Health
Head
Character
new
Vector2
AlwaysOnTop
GetChildren
Position
Rotation
Parent
LocalPlayer
Destroy
Destroy
checkfov
teambasedstatus
math
pairs
[
Humanoid
addesp
Died
Character
Destroy
Name
Health
t
rad
f
Target
tostring
teambasedswitch
autoesp
u
Connect
Head
GetChildren
Team
Text
20
1
Character
Parent
Vector3
CFrame
p
new
ToOrientation
Parent
CFrame
GetChildren
10000
IsA
Name
p
game
Ray
pairs
CurrentCamera
FindPartOnRayWithIgnoreList
Character
new
BasePart
Humanoid
Head
LocalPlayer
Team
Health
table
Workspace
insert
LookVector
new
CFrame
p
math
getfovxyz
X
Workspace
game
CFrame
Y
abs
CurrentCamera
Head
connect
999
getaimbotplrs
LocalPlayer
aimat
checkfov
ipairs
Character
Died
Humanoid
Parent
wait
autoesp
pcall
f
addesp
Instance
BillboardGui
Env
BackgroundTransparency
Vector3
Enabled
50
MeshPart
Chest
chestexecute
ClassName
UDim2
TextColor3
FindFirstChild
pairs
TextLabel
Parent
TextScaled
Workspace
AlwaysOnTop
Color3
StudsOffset
1
GetDescendants
Name
LightInfluence
cheststuff
2
Size
BackgroundColor3
game
Text
new
wait
_G
50
devilexecute
AlwaysOnTop
BackgroundColor3
Tool
TextLabel
Instance
GetDescendants
1
TextScaled
_G
Enabled
Size
Name
Vector3
pairs
LightInfluence
TextColor3
IsA
game
FruitEater
FindFirstChild
UDim2
Parent
devilstuff
Text
BackgroundTransparency
2
ClassName
Handle
Color3
BillboardGui
new
wait
StudsOffset
Workspace
pairs
UDim2
ZIndexBehavior
_G
Name
14
25
1
100
TextLabel
AlwaysOnTop
Color3
game
Instance
Active
LightInfluence
Text
Model
Workspace
Sibling
BillboardGui
TextColor3
BackgroundTransparency
Size
Enum
IsA
BorderSizePixel
FindFirstChild
TextSize
BackgroundColor3
itemnigga
BuyableItems
SourceSans
GetDescendants
Font
Parent
Visible
new
TextScaled
TextWrapped
Workspace
Camera
FieldOfView
game
Atmosphere
DepthOfFieldF
Blur
wait
FindFirstChild
FogEnd
BlurF
Bloom
Destroy
Lighting
9999999999999
game
GetService
settings
ShowBoundingBoxes
RenderSettings
Hair1
Connect
Players
Transparency
pairs
Head
LocalTransparencyModifier
1
Vector3
128
-1
0.5
GetChildren
IsA
Name
CameraOffset
game
FindFirstChild
Hair2
CameraMaxZoomDistance
LocalPlayer
new
Humanoid
GetPropertyChangedSignal
Character
BasePart
Transparency
LocalTransparencyModifier
Health
Players
Character
LocalPlayer
game
Humanoid
Close
LocalPlayer
game
Shutdown
RemoteSpy
wait
GetService
Kick
nah b
0.5
CoreGui
FindFirstChild
Players
